{
  "stats": {
    "suites": 1,
    "tests": 4,
    "passes": 4,
    "pending": 0,
    "failures": 0,
    "start": "2025-02-09T21:27:25.993Z",
    "end": "2025-02-09T21:27:58.967Z",
    "duration": 32974,
    "testsRegistered": 4,
    "passPercent": 100,
    "pendingPercent": 0,
    "other": 0,
    "hasOther": false,
    "skipped": 0,
    "hasSkipped": false
  },
  "results": [
    {
      "uuid": "83ef3005-1ff4-4ec9-8a47-9a29cb51197e",
      "title": "",
      "fullFile": "cypress\\e2e\\features\\user.spec.cy.js",
      "file": "cypress\\e2e\\features\\user.spec.cy.js",
      "beforeHooks": [],
      "afterHooks": [],
      "tests": [],
      "suites": [
        {
          "uuid": "bba7f3fd-3ebb-46b3-8b85-b6506d99ed17",
          "title": "Teste de formulário de cadastro",
          "fullFile": "",
          "file": "",
          "beforeHooks": [],
          "afterHooks": [],
          "tests": [
            {
              "title": "cadastrar um usuário com sucesso",
              "fullTitle": "Teste de formulário de cadastro cadastrar um usuário com sucesso",
              "timedOut": null,
              "duration": 10923,
              "state": "passed",
              "speed": "slow",
              "pass": true,
              "fail": false,
              "pending": false,
              "context": null,
              "code": "cy.visit('https://advantageonlineshopping.com/');\ncy.get(_user_elements.UserElements.buttonLogin).click();\ncy.get(_user_elements.UserElements.buttonCreateNewAccount).click();\ncy.get(_user_elements.UserElements.fieldUserName).type(_user_elements.UserElements.customUserName);\ncy.get(_user_elements.UserElements.fieldRegisterEmail).type(_user_elements.UserElements.customUserEmail);\ncy.get(_user_elements.UserElements.fieldUserPassword).type(_user_elements.UserElements.userPassword);\ncy.get(_user_elements.UserElements.fieldConfirmUserPassword).type(_user_elements.UserElements.userPassword, {\n  force: true\n});\ncy.get(_user_elements.UserElements.fieldUserFirstName).type(_user_elements.UserElements.customUserName);\ncy.get(_user_elements.UserElements.fieldLastName).type(_user_elements.UserElements.customUserLastName);\ncy.get(_user_elements.UserElements.fieldPhoneNumber).type('999999999');\ncy.get(_user_elements.UserElements.fieldCountry).select('Brazil');\ncy.get(_user_elements.UserElements.fieldCity).type('Sao Paulo');\ncy.get(_user_elements.UserElements.fieldAddress).type('Avenida Paulista');\ncy.get(_user_elements.UserElements.fieldPostalCode).type('12345123');\ncy.get(_user_elements.UserElements.agreePrivacyPolicy).click();\ncy.get(_user_elements.UserElements.buttonRegister).click();",
              "err": {},
              "uuid": "20666765-5452-42bf-ac64-008082d67197",
              "parentUUID": "bba7f3fd-3ebb-46b3-8b85-b6506d99ed17",
              "isHook": false,
              "skipped": false
            },
            {
              "title": "Validar impossibilidade de cadastrar um usuário sem preencher todos os campos obrigatórios",
              "fullTitle": "Teste de formulário de cadastro Validar impossibilidade de cadastrar um usuário sem preencher todos os campos obrigatórios",
              "timedOut": null,
              "duration": 5720,
              "state": "passed",
              "speed": "medium",
              "pass": true,
              "fail": false,
              "pending": false,
              "context": null,
              "code": "cy.visit('https://advantageonlineshopping.com/');\ncy.get(_user_elements.UserElements.buttonLogin).click();\ncy.get(_user_elements.UserElements.buttonCreateNewAccount).click();\ncy.get(_user_elements.UserElements.fieldUserName).type(_user_elements.UserElements.customUserName);\ncy.get(_user_elements.UserElements.fieldUserPassword).type(_user_elements.UserElements.userPassword);\ncy.get(_user_elements.UserElements.fieldConfirmUserPassword).type(_user_elements.UserElements.userPassword, {\n  force: true\n});\ncy.get(_user_elements.UserElements.fieldUserFirstName).type(_user_elements.UserElements.customUserName);\ncy.get(_user_elements.UserElements.fieldLastName).type(_user_elements.UserElements.customUserLastName);\ncy.get(_user_elements.UserElements.fieldPhoneNumber).type('999999999');\ncy.get(_user_elements.UserElements.fieldCountry).select('Brazil');\ncy.get(_user_elements.UserElements.fieldCity).type('Sao Paulo');\ncy.get(_user_elements.UserElements.fieldAddress).type('Avenida Paulista');\ncy.get(_user_elements.UserElements.fieldPostalCode).type('12345123');\ncy.get(_user_elements.UserElements.agreePrivacyPolicy).click();\ncy.get(_user_elements.UserElements.buttonRegister).should('be.disabled');",
              "err": {},
              "uuid": "eb095974-c3a7-48cc-8270-8c9ad693d6ac",
              "parentUUID": "bba7f3fd-3ebb-46b3-8b85-b6506d99ed17",
              "isHook": false,
              "skipped": false
            },
            {
              "title": "Validar senha forte na criação do usuário, deve ter entre 4 e 12 caracteres e incluir pelo menos 1 letra maiuscula, 1 minúscula e 1 número",
              "fullTitle": "Teste de formulário de cadastro Validar senha forte na criação do usuário, deve ter entre 4 e 12 caracteres e incluir pelo menos 1 letra maiuscula, 1 minúscula e 1 número",
              "timedOut": null,
              "duration": 6071,
              "state": "passed",
              "speed": "medium",
              "pass": true,
              "fail": false,
              "pending": false,
              "context": null,
              "code": "cy.visit('https://advantageonlineshopping.com/');\ncy.get(_user_elements.UserElements.buttonLogin).click();\ncy.get(_user_elements.UserElements.buttonCreateNewAccount).click();\ncy.get(_user_elements.UserElements.fieldUserName).type(_user_elements.UserElements.customUserName);\ncy.get(_user_elements.UserElements.fieldUserPassword).type(_user_elements.UserElements.fewCaractersPassword);\ncy.get(_user_elements.UserElements.passwordErrorMsg).should('be.visible');\ncy.get(_user_elements.UserElements.fieldUserPassword).type(_user_elements.UserElements.onlycarctersPassword);\ncy.get(_user_elements.UserElements.passwordErrorMsg).should('be.visible');\ncy.get(_user_elements.UserElements.fieldUserPassword).type(_user_elements.UserElements.onlyNumberPassword);\ncy.get(_user_elements.UserElements.passwordErrorMsg).should('be.visible');\ncy.get(_user_elements.UserElements.fieldUserPassword).type(_user_elements.UserElements.exceedCaracterLimitPassword);\ncy.get(_user_elements.UserElements.passwordErrorMsg).should('be.visible');\ncy.get(_user_elements.UserElements.fieldUserPassword).type(_user_elements.UserElements.onlyUpperCasePassword);\ncy.get(_user_elements.UserElements.passwordErrorMsg).should('be.visible');\ncy.get(_user_elements.UserElements.fieldUserPassword).type(_user_elements.UserElements.userPassword);\ncy.get(_user_elements.UserElements.fieldConfirmUserPassword).type('mar', {\n  force: true\n});\ncy.get(_user_elements.UserElements.fieldUserFirstName).type(_user_elements.UserElements.customUserName);\ncy.get(_user_elements.UserElements.fieldLastName).type(_user_elements.UserElements.customUserLastName);\ncy.get(_user_elements.UserElements.fieldPhoneNumber).type('999999999');\ncy.get(_user_elements.UserElements.fieldCountry).select('Brazil');\ncy.get(_user_elements.UserElements.fieldCity).type('Sao Paulo');\ncy.get(_user_elements.UserElements.fieldAddress).type('Avenida Paulista');\ncy.get(_user_elements.UserElements.fieldPostalCode).type('12345123');\ncy.get(_user_elements.UserElements.agreePrivacyPolicy).click();\ncy.get(_user_elements.UserElements.buttonRegister).should('be.disabled');",
              "err": {},
              "uuid": "66707573-f3ed-48c7-809c-e619c4e897a0",
              "parentUUID": "bba7f3fd-3ebb-46b3-8b85-b6506d99ed17",
              "isHook": false,
              "skipped": false
            },
            {
              "title": "Validar que as os campos senha e confirmar senha sejam iguais",
              "fullTitle": "Teste de formulário de cadastro Validar que as os campos senha e confirmar senha sejam iguais",
              "timedOut": null,
              "duration": 5222,
              "state": "passed",
              "speed": "medium",
              "pass": true,
              "fail": false,
              "pending": false,
              "context": null,
              "code": "cy.visit('https://advantageonlineshopping.com/');\ncy.get(_user_elements.UserElements.buttonLogin).click();\ncy.get(_user_elements.UserElements.buttonCreateNewAccount).click();\ncy.get(_user_elements.UserElements.fieldUserName).type(_user_elements.UserElements.customUserName);\ncy.get(_user_elements.UserElements.fieldUserPassword).type(_user_elements.UserElements.userPassword);\ncy.get(_user_elements.UserElements.fieldConfirmUserPassword).type(_user_elements.UserElements.userPasswordConfirmationNOK, {\n  force: true\n});\ncy.get(_user_elements.UserElements.passowordNotMatch).should('be.visible');\ncy.get(_user_elements.UserElements.fieldUserFirstName).type(_user_elements.UserElements.customUserName);\ncy.get(_user_elements.UserElements.fieldLastName).type(_user_elements.UserElements.customUserLastName);\ncy.get(_user_elements.UserElements.fieldPhoneNumber).type('999999999');\ncy.get(_user_elements.UserElements.fieldCountry).select('Brazil');\ncy.get(_user_elements.UserElements.fieldCity).type('Sao Paulo');\ncy.get(_user_elements.UserElements.fieldAddress).type('Avenida Paulista');\ncy.get(_user_elements.UserElements.fieldPostalCode).type('12345123');\ncy.get(_user_elements.UserElements.agreePrivacyPolicy).click();\ncy.get(_user_elements.UserElements.buttonRegister).should('be.disabled');",
              "err": {},
              "uuid": "6f0e51f6-68fe-4088-867b-43b334b98e81",
              "parentUUID": "bba7f3fd-3ebb-46b3-8b85-b6506d99ed17",
              "isHook": false,
              "skipped": false
            }
          ],
          "suites": [],
          "passes": [
            "20666765-5452-42bf-ac64-008082d67197",
            "eb095974-c3a7-48cc-8270-8c9ad693d6ac",
            "66707573-f3ed-48c7-809c-e619c4e897a0",
            "6f0e51f6-68fe-4088-867b-43b334b98e81"
          ],
          "failures": [],
          "pending": [],
          "skipped": [],
          "duration": 27936,
          "root": false,
          "rootEmpty": false,
          "_timeout": 2000
        }
      ],
      "passes": [],
      "failures": [],
      "pending": [],
      "skipped": [],
      "duration": 0,
      "root": true,
      "rootEmpty": true,
      "_timeout": 2000
    }
  ],
  "meta": {
    "mocha": {
      "version": "7.0.1"
    },
    "mochawesome": {
      "options": {
        "quiet": false,
        "reportFilename": "mochawesome",
        "saveHtml": true,
        "saveJson": true,
        "consoleReporter": "spec",
        "useInlineDiffs": false,
        "code": true
      },
      "version": "7.1.3"
    },
    "marge": {
      "options": {
        "reportDir": "cypress/reports",
        "overwrite": true,
        "html": true,
        "json": true
      },
      "version": "6.2.0"
    }
  }
}